2026-02-12 14:06:06.175: [INFO] VisibilityChanged: 0
2026-02-12 14:06:06.239: [INFO] RecordSyncInitDuration has_sync_been_enabled: 0 state: 0
2026-02-12 14:06:06.240: [INFO] RecordSyncInitDuration has_sync_been_enabled: 0 state: 0
2026-02-12 14:06:06.241: [INFO] RecordSyncInitDuration has_sync_been_enabled: 0 state: 0
2026-02-12 14:06:06.242: [INFO] RecordSyncInitDuration has_sync_been_enabled: 0 state: 0
2026-02-12 14:06:06.243: [INFO] RecordSyncInitDuration has_sync_been_enabled: 0 state: 0
2026-02-12 14:06:06.244: [INFO] RecordSyncInitDuration has_sync_been_enabled: 0 state: 0
2026-02-12 14:06:06.245: [INFO] RecordSyncInitDuration has_sync_been_enabled: 0 state: 0
2026-02-12 14:06:06.245: [INFO] RecordSyncInitDuration has_sync_been_enabled: 0 state: 0
2026-02-12 14:06:06.246: [INFO] RecordSyncInitDuration has_sync_been_enabled: 0 state: 0
2026-02-12 14:06:06.247: [INFO] RecordSyncInitDuration has_sync_been_enabled: 0 state: 0
2026-02-12 14:06:06.247: [INFO] RecordSyncInitDuration has_sync_been_enabled: 0 state: 0
2026-02-12 14:06:06.257: [INFO] BookmarkModelLoaded, ids_reassigned: 0
2026-02-12 14:06:06.257: [INFO] OnDoneLoading sync enabled: 0
2026-02-12 14:06:06.279: [INFO] RecordSyncInitDuration has_sync_been_enabled: 0 state: 0
2026-02-12 14:06:07.824: [INFO] RecordSyncInitDuration has_sync_been_enabled: 0 state: 3
2026-02-12 14:06:07.827: [INFO] Primary account changed.
2026-02-12 14:06:07.827: [INFO] OnPrimaryAccountChanged PrimaryAccountChangeEvent::Type::kSet
2026-02-12 14:06:07.835: [INFO] RecordSyncInitDuration has_sync_been_enabled: 0 state: 3
2026-02-12 14:06:10.018: [INFO] Sync initialization duration: 2001ms
