{"logTime": "0212/140608", "correlationVector":"LjZVILm+R7XVNP8NciPLc0.1","action":"SyncServerConnectionManagerRequest", "result":"SYNC_SERVER_OK", "context":{"environment":"Prod_westeurope_prod-s01-079-eur-westeurope", "migrationStage":"NotStarted", "server":"akswtt11300000l"}}
{"logTime": "0212/140608", "correlationVector":"LjZVILm+R7XVNP8NciPLc0.2","action":"ProcessGetUpdates", "result":"Done", "context":{"dataType":"Encryption Keys", "deleted":"0", "process_failed_to_decrypt":"0", "process_pending_decryption":"0", "process_success":"1", "total":"1"}}
{"logTime": "0212/140609", "correlationVector":"LpRJyIyhgMmHJnz0lmJK/S","action":"SyncServerConnectionManagerRequest", "result":"SYNC_SERVER_OK", "context":{"environment":"", "migrationStage":"", "server":""}}
{"logTime": "0212/140609", "correlationVector":"LpRJyIyhgMmHJnz0lmJK/S.0","action":"EncryptionKeysFetcher.DownloadKeys:", "result":"Success", "context":Key count: 2, Last key timestamp: 2025-12-20T21:58:52Z}
{"logTime": "0212/140609", "correlationVector":"LpRJyIyhgMmHJnz0lmJK/S.1","action":"EncryptionKeysManager::SetEncryptionKeys:", "result":"Success", "context":Key names[2]:[B7KCReS4sqA7hVl+goadxJqMYzXPMylnJ6vSD+IrRD0b093nui9j9XdUpCOuGsOiTkE8pCocyrou3SZaQGQ/lg==][sDFaWmp9aH4zSw9aMJbMF5yfeURIWFNaSQxw9aqY9zprSkMdqWIa/Fi2KQAiOAsTl+diC7xtbQbBdtKlyTBM8w==]}
{"logTime": "0212/140609", "correlationVector":"LpRJyIyhgMmHJnz0lmJK/S.2","action":"EncryptionKeysManager::SetEncryptionKeysWithTimestamps:", "result":"Success", "context":Key timestamps[2]:[2024-09-18T10:53:16Z][2025-12-20T21:58:52Z]}
{"logTime": "0212/140609", "correlationVector":"LjZVILm+R7XVNP8NciPLc0","action":"Initial GetUpdates", "result":"", "context":Reason: NEW_CLIENT. cV=LjZVILm+R7XVNP8NciPLc0}
{"logTime": "0212/140609", "correlationVector":"LjZVILm+R7XVNP8NciPLc0.3","action":"GetUpdates Response", "result":"Success", "context":Received 1 update(s). cV=LjZVILm+R7XVNP8NciPLc0.0;server=akswtt11300000l;cloudType=Consumer;environment=Prod_westeurope_prod-s01-079-eur-westeurope;migrationStage=NotStarted}
{"logTime": "0212/140609", "correlationVector":"PI74QixVRMWlYqBrfLO3kn","action":"Initial GetUpdates", "result":"", "context":Reason: NEWLY_SUPPORTED_DATATYPE. cV=PI74QixVRMWlYqBrfLO3kn}
{"logTime": "0212/140609", "correlationVector":"PI74QixVRMWlYqBrfLO3kn.1","action":"SyncServerConnectionManagerRequest", "result":"SYNC_SERVER_OK", "context":{"environment":"Prod_westeurope_prod-s01-079-eur-westeurope", "migrationStage":"NotStarted", "server":"akswtt11300000f"}}
{"logTime": "0212/140609", "correlationVector":"PI74QixVRMWlYqBrfLO3kn.2","action":"ProcessGetUpdates", "result":"Done", "context":{"dataType":"Preferences", "deleted":"0", "process_failed_to_decrypt":"0", "process_pending_decryption":"0", "process_success":"43", "total":"43"}}
{"logTime": "0212/140609", "correlationVector":"PI74QixVRMWlYqBrfLO3kn.3","action":"ProcessGetUpdates", "result":"Done", "context":{"dataType":"Passwords", "deleted":"0", "process_failed_to_decrypt":"0", "process_pending_decryption":"0", "process_success":"1", "total":"1"}}
{"logTime": "0212/140609", "correlationVector":"PI74QixVRMWlYqBrfLO3kn.4","action":"ProcessGetUpdates", "result":"Done", "context":{"dataType":"Device Info", "deleted":"0", "process_failed_to_decrypt":"0", "process_pending_decryption":"0", "process_success":"2", "total":"2"}}
{"logTime": "0212/140609", "correlationVector":"PI74QixVRMWlYqBrfLO3kn.5","action":"GetUpdates Response", "result":"Success", "context":Received 46 update(s). cV=PI74QixVRMWlYqBrfLO3kn.0;server=akswtt11300000f;cloudType=Consumer;environment=Prod_westeurope_prod-s01-079-eur-westeurope;migrationStage=NotStarted}
{"logTime": "0212/140609", "correlationVector":"5yHbbmK+G+s+uomyZ9qW/T","action":"Initial GetUpdates", "result":"", "context":Reason: NEWLY_SUPPORTED_DATATYPE. cV=5yHbbmK+G+s+uomyZ9qW/T}
{"logTime": "0212/140609", "correlationVector":"5yHbbmK+G+s+uomyZ9qW/T.1","action":"SyncServerConnectionManagerRequest", "result":"SYNC_SERVER_OK", "context":{"environment":"Prod_westeurope_prod-s01-079-eur-westeurope", "migrationStage":"NotStarted", "server":"akswtt113000007"}}
{"logTime": "0212/140609", "correlationVector":"5yHbbmK+G+s+uomyZ9qW/T.2","action":"ProcessGetUpdates", "result":"Done", "context":{"dataType":"Bookmarks", "deleted":"0", "process_failed_to_decrypt":"0", "process_pending_decryption":"0", "process_success":"6", "total":"6"}}
{"logTime": "0212/140609", "correlationVector":"5yHbbmK+G+s+uomyZ9qW/T.3","action":"GetUpdates Response", "result":"Success", "context":Received 6 update(s). cV=5yHbbmK+G+s+uomyZ9qW/T.0;server=akswtt113000007;cloudType=Consumer;environment=Prod_westeurope_prod-s01-079-eur-westeurope;migrationStage=NotStarted}
{"logTime": "0212/140609", "correlationVector":"ZJzBGZ0k944dqcXagexDnT","action":"Initial GetUpdates", "result":"", "context":Reason: NEWLY_SUPPORTED_DATATYPE. cV=ZJzBGZ0k944dqcXagexDnT}
{"logTime": "0212/140610", "correlationVector":"ZJzBGZ0k944dqcXagexDnT.1","action":"SyncServerConnectionManagerRequest", "result":"SYNC_SERVER_OK", "context":{"environment":"Prod_westeurope_prod-s01-079-eur-westeurope", "migrationStage":"NotStarted", "server":"akswtt113000002"}}
{"logTime": "0212/140610", "correlationVector":"ZJzBGZ0k944dqcXagexDnT.2","action":"ProcessGetUpdates", "result":"Done", "context":{"dataType":"Autofill Profiles", "deleted":"1", "process_failed_to_decrypt":"0", "process_pending_decryption":"0", "process_success":"3", "total":"3"}}
{"logTime": "0212/140610", "correlationVector":"ZJzBGZ0k944dqcXagexDnT.3","action":"ProcessGetUpdates", "result":"Done", "context":{"dataType":"Autofill", "deleted":"0", "process_failed_to_decrypt":"0", "process_pending_decryption":"0", "process_success":"7", "total":"7"}}
{"logTime": "0212/140610", "correlationVector":"ZJzBGZ0k944dqcXagexDnT.4","action":"ProcessGetUpdates", "result":"Done", "context":{"dataType":"Sessions", "deleted":"1", "process_failed_to_decrypt":"0", "process_pending_decryption":"0", "process_success":"1", "total":"1"}}
{"logTime": "0212/140610", "correlationVector":"ZJzBGZ0k944dqcXagexDnT.5","action":"GetUpdates Response", "result":"Success", "context":Received 11 update(s). cV=ZJzBGZ0k944dqcXagexDnT.0;server=akswtt113000002;cloudType=Consumer;environment=Prod_westeurope_prod-s01-079-eur-westeurope;migrationStage=NotStarted}
{"logTime": "0212/140610", "correlationVector":"RQNtIcVGMvD5o1y1htgyy4","action":"Initial GetUpdates", "result":"", "context":Reason: NEWLY_SUPPORTED_DATATYPE. cV=RQNtIcVGMvD5o1y1htgyy4}
{"logTime": "0212/140610", "correlationVector":"RQNtIcVGMvD5o1y1htgyy4.1","action":"SyncServerConnectionManagerRequest", "result":"SYNC_SERVER_OK", "context":{"environment":"Prod_westeurope_prod-s01-079-eur-westeurope", "migrationStage":"NotStarted", "server":"akswtt11300000f"}}
{"logTime": "0212/140610", "correlationVector":"RQNtIcVGMvD5o1y1htgyy4.2","action":"GetUpdates Response", "result":"Success", "context":Received 0 update(s). cV=RQNtIcVGMvD5o1y1htgyy4.0;server=akswtt11300000f;cloudType=Consumer;environment=Prod_westeurope_prod-s01-079-eur-westeurope;migrationStage=NotStarted}
{"logTime": "0212/140610", "correlationVector":"2ZZM1/gSuQ6DeyFComthfQ","action":"Normal GetUpdate request", "result":"", "context":cV=2ZZM1/gSuQ6DeyFComthfQ
Nudged types: Sessions, Device Info, User Consents
Refresh requested types: Bookmarks, Preferences, Passwords, Autofill Profiles, Autofill, Extensions, Sessions, Extension settings, History Delete Directives, Device Info, User Consents, Send Tab To Self, Web Apps, History, Saved Tab Group, WebAuthn Credentials, Collection, Edge E Drop, Edge Hub App Usage, Edge Wallet, Encryption Keys}
{"logTime": "0212/140610", "correlationVector":"2ZZM1/gSuQ6DeyFComthfQ.1","action":"SyncServerConnectionManagerRequest", "result":"SYNC_SERVER_OK", "context":{"environment":"Prod_westeurope_prod-s01-079-eur-westeurope", "migrationStage":"NotStarted", "server":"akswtt113000010"}}
{"logTime": "0212/140610", "correlationVector":"2ZZM1/gSuQ6DeyFComthfQ.2","action":"GetUpdates Response", "result":"Success", "context":Received 0 update(s). cV=2ZZM1/gSuQ6DeyFComthfQ.0;server=akswtt113000010;cloudType=Consumer;environment=Prod_westeurope_prod-s01-079-eur-westeurope;migrationStage=NotStarted}
{"logTime": "0212/140610", "correlationVector":"jMewEHL+sEQyhtRJy7N0Zs","action":"DoCompareDataConsistency requsted types: ", "result":"Bookmarks, Preferences, Passwords, Extensions, Extension settings, History Delete Directives, Send Tab To Self, Web Apps, History, Saved Tab Group, WebAuthn Credentials, Collection, Edge E Drop, Edge Wallet, Encryption Keys"}
{"logTime": "0212/140610", "correlationVector":"jMewEHL+sEQyhtRJy7N0Zs.0","action":"CompareDataConsistency result: ", "result":"Compare result: Encryption Keys is consistent. local entities count is: 1 local entities hash is: Xi9gh5QFJslYgzMIx+197KUxcqw="}
{"logTime": "0212/140610", "correlationVector":"jMewEHL+sEQyhtRJy7N0Zs.1","action":"CompareDataConsistency result: ", "result":"Compare result: Bookmarks is consistent. local entities count is: 0 local entities hash is: "}
{"logTime": "0212/140610", "correlationVector":"jMewEHL+sEQyhtRJy7N0Zs.2","action":"CompareDataConsistency result: ", "result":"Compare result: Preferences is consistent. local entities count is: 43 local entities hash is: rQZOsTivhbmaVi4XcRjvpqyKzZo="}
{"logTime": "0212/140610", "correlationVector":"jMewEHL+sEQyhtRJy7N0Zs.3","action":"CompareDataConsistency result: ", "result":"Compare result: Extensions is consistent. local entities count is: 0 local entities hash is: "}
{"logTime": "0212/140610", "correlationVector":"jMewEHL+sEQyhtRJy7N0Zs.4","action":"CompareDataConsistency result: ", "result":"Compare result: Extension settings is consistent. local entities count is: 0 local entities hash is: "}
{"logTime": "0212/140610", "correlationVector":"jMewEHL+sEQyhtRJy7N0Zs.5","action":"CompareDataConsistency result: ", "result":"Compare result: History Delete Directives is consistent. local entities count is: 0 local entities hash is: "}
{"logTime": "0212/140610", "correlationVector":"jMewEHL+sEQyhtRJy7N0Zs.6","action":"CompareDataConsistency result: ", "result":"Server did not send this Send Tab To Self local entities count is: 0 local entities hash is: "}
{"logTime": "0212/140610", "correlationVector":"jMewEHL+sEQyhtRJy7N0Zs.7","action":"CompareDataConsistency result: ", "result":"Compare result: Web Apps is consistent. local entities count is: 0 local entities hash is: "}
{"logTime": "0212/140610", "correlationVector":"jMewEHL+sEQyhtRJy7N0Zs.8","action":"CompareDataConsistency result: ", "result":"Server did not send this History local entities count is: 0 local entities hash is: "}
{"logTime": "0212/140610", "correlationVector":"jMewEHL+sEQyhtRJy7N0Zs.9","action":"CompareDataConsistency result: ", "result":"Compare result: Saved Tab Group is consistent. local entities count is: 0 local entities hash is: "}
{"logTime": "0212/140610", "correlationVector":"jMewEHL+sEQyhtRJy7N0Zs.10","action":"CompareDataConsistency result: ", "result":"Server did not send this WebAuthn Credentials local entities count is: 0 local entities hash is: "}
{"logTime": "0212/140610", "correlationVector":"jMewEHL+sEQyhtRJy7N0Zs.11","action":"CompareDataConsistency result: ", "result":"Compare result: Collection is consistent. local entities count is: 0 local entities hash is: "}
{"logTime": "0212/140610", "correlationVector":"jMewEHL+sEQyhtRJy7N0Zs.12","action":"CompareDataConsistency result: ", "result":"Compare result: Edge E Drop is consistent. local entities count is: 0 local entities hash is: "}
{"logTime": "0212/140610", "correlationVector":"jMewEHL+sEQyhtRJy7N0Zs.13","action":"CompareDataConsistency result: ", "result":"Compare result: Edge Wallet is consistent. local entities count is: 0 local entities hash is: "}
{"logTime": "0212/140610", "correlationVector":"jMewEHL+sEQyhtRJy7N0Zs.14","action":"CompareDataConsistency result: ", "result":"Compare result: Passwords is consistent. local entities count is: 1 local entities hash is: eJv4uhgQfu4/hlZwAEL2YGeeEjI="}
{"logTime": "0212/140610", "correlationVector":"nOltURyW5/VgehmxTCyr5S","action":"Commit Request", "result":"", "context":Item count: 5
Contributing types: Sessions, Device Info, User Consents}
{"logTime": "0212/140610", "correlationVector":"nOltURyW5/VgehmxTCyr5S.1","action":"SyncServerConnectionManagerRequest", "result":"SYNC_SERVER_OK", "context":{"environment":"Prod_westeurope_prod-s01-079-eur-westeurope", "migrationStage":"NotStarted", "server":"akswtt113000000"}}
{"logTime": "0212/140610", "correlationVector":"nOltURyW5/VgehmxTCyr5S.2","action":"Commit Response", "result":"Success", "context":Result: Success. cV=nOltURyW5/VgehmxTCyr5S.0;server=akswtt113000000;cloudType=Consumer;environment=Prod_westeurope_prod-s01-079-eur-westeurope;migrationStage=NotStarted}
{"logTime": "0212/140610", "correlationVector":"","action":"DIAGNOSTIC_REQUEST|v1/diagnosticData/Diagnostic.SendCheckResult()|SUCCESS", "result":""}
{"logTime": "0212/140637", "correlationVector":"OP3ogKQOJOYqYQbGAQglDg","action":"Commit Request", "result":"", "context":Item count: 8
Contributing types: Preferences, Sessions, History}
{"logTime": "0212/140638", "correlationVector":"OP3ogKQOJOYqYQbGAQglDg.1","action":"SyncServerConnectionManagerRequest", "result":"SYNC_SERVER_OK", "context":{"environment":"Prod_westeurope_prod-s01-079-eur-westeurope", "migrationStage":"NotStarted", "server":"akswtt113000003"}}
{"logTime": "0212/140638", "correlationVector":"OP3ogKQOJOYqYQbGAQglDg.2","action":"Commit Response", "result":"Success", "context":Result: Success. cV=OP3ogKQOJOYqYQbGAQglDg.0;server=akswtt113000003;cloudType=Consumer;environment=Prod_westeurope_prod-s01-079-eur-westeurope;migrationStage=NotStarted}
